INFO: [VRFC 10-2263] Analyzing Verilog file "C:/Users/kisho/game_2/game_2.sim/sim_1/impl/timing/xsim/top_module_time_impl.v" into library xil_defaultlib
INFO: [VRFC 10-311] analyzing module VGA
INFO: [VRFC 10-311] analyzing module blk_mem_gen_0
INFO: [VRFC 10-311] analyzing module blk_mem_gen_1
INFO: [VRFC 10-311] analyzing module clk_wiz_0
INFO: [VRFC 10-311] analyzing module clk_wiz_0_clk_wiz
INFO: [VRFC 10-311] analyzing module encode
INFO: [VRFC 10-311] analyzing module encode__parameterized0
INFO: [VRFC 10-311] analyzing module encode__parameterized1
INFO: [VRFC 10-311] analyzing module fifo_generator_0
INFO: [VRFC 10-311] analyzing module fifo_generator_0__xdcDup__1
INFO: [VRFC 10-311] analyzing module fifo_generator_0__xdcDup__2
INFO: [VRFC 10-311] analyzing module fifo_generator_0__xdcDup__3
INFO: [VRFC 10-311] analyzing module hdmi_tx_0
INFO: [VRFC 10-311] analyzing module hdmi_tx_v1_0
INFO: [VRFC 10-311] analyzing module serdes_10_to_1
INFO: [VRFC 10-311] analyzing module serdes_10_to_1_0
INFO: [VRFC 10-311] analyzing module serdes_10_to_1_1
INFO: [VRFC 10-311] analyzing module serdes_10_to_1_2
INFO: [VRFC 10-311] analyzing module srldelay
INFO: [VRFC 10-311] analyzing module top_module
INFO: [VRFC 10-311] analyzing module xpm_cdc_gray
INFO: [VRFC 10-311] analyzing module xpm_cdc_gray__4
INFO: [VRFC 10-311] analyzing module xpm_cdc_gray__5
INFO: [VRFC 10-311] analyzing module xpm_cdc_gray__6
INFO: [VRFC 10-311] analyzing module xpm_cdc_gray__parameterized1
INFO: [VRFC 10-311] analyzing module xpm_cdc_gray__parameterized1__4
INFO: [VRFC 10-311] analyzing module xpm_cdc_gray__parameterized1__5
INFO: [VRFC 10-311] analyzing module xpm_cdc_gray__parameterized1__6
INFO: [VRFC 10-311] analyzing module xpm_cdc_single
INFO: [VRFC 10-311] analyzing module xpm_cdc_single__10
INFO: [VRFC 10-311] analyzing module xpm_cdc_single__11
INFO: [VRFC 10-311] analyzing module xpm_cdc_single__12
INFO: [VRFC 10-311] analyzing module xpm_cdc_single__13
INFO: [VRFC 10-311] analyzing module xpm_cdc_single__14
INFO: [VRFC 10-311] analyzing module xpm_cdc_single__8
INFO: [VRFC 10-311] analyzing module xpm_cdc_single__9
INFO: [VRFC 10-311] analyzing module xpm_cdc_sync_rst
INFO: [VRFC 10-311] analyzing module xpm_cdc_sync_rst__10
INFO: [VRFC 10-311] analyzing module xpm_cdc_sync_rst__11
INFO: [VRFC 10-311] analyzing module xpm_cdc_sync_rst__12
INFO: [VRFC 10-311] analyzing module xpm_cdc_sync_rst__13
INFO: [VRFC 10-311] analyzing module xpm_cdc_sync_rst__14
INFO: [VRFC 10-311] analyzing module xpm_cdc_sync_rst__8
INFO: [VRFC 10-311] analyzing module xpm_cdc_sync_rst__9
INFO: [VRFC 10-311] analyzing module blk_mem_gen_generic_cstr
INFO: [VRFC 10-311] analyzing module blk_mem_gen_generic_cstr__parameterized0
INFO: [VRFC 10-311] analyzing module blk_mem_gen_generic_cstr__parameterized0_23
INFO: [VRFC 10-311] analyzing module blk_mem_gen_generic_cstr__parameterized0_37
INFO: [VRFC 10-311] analyzing module blk_mem_gen_generic_cstr__parameterized0_9
INFO: [VRFC 10-311] analyzing module blk_mem_gen_generic_cstr__parameterized1
INFO: [VRFC 10-311] analyzing module blk_mem_gen_prim_width
INFO: [VRFC 10-311] analyzing module blk_mem_gen_prim_width__parameterized0
INFO: [VRFC 10-311] analyzing module blk_mem_gen_prim_width__parameterized1
INFO: [VRFC 10-311] analyzing module blk_mem_gen_prim_width__parameterized2
INFO: [VRFC 10-311] analyzing module blk_mem_gen_prim_width__parameterized3
INFO: [VRFC 10-311] analyzing module blk_mem_gen_prim_width__parameterized3_10
INFO: [VRFC 10-311] analyzing module blk_mem_gen_prim_width__parameterized3_24
INFO: [VRFC 10-311] analyzing module blk_mem_gen_prim_width__parameterized3_38
INFO: [VRFC 10-311] analyzing module blk_mem_gen_prim_width__parameterized4
INFO: [VRFC 10-311] analyzing module blk_mem_gen_prim_wrapper
INFO: [VRFC 10-311] analyzing module blk_mem_gen_prim_wrapper_11
INFO: [VRFC 10-311] analyzing module blk_mem_gen_prim_wrapper_25
INFO: [VRFC 10-311] analyzing module blk_mem_gen_prim_wrapper_39
INFO: [VRFC 10-311] analyzing module blk_mem_gen_prim_wrapper_init
INFO: [VRFC 10-311] analyzing module blk_mem_gen_prim_wrapper_init__parameterized0
INFO: [VRFC 10-311] analyzing module blk_mem_gen_prim_wrapper_init__parameterized1
INFO: [VRFC 10-311] analyzing module blk_mem_gen_prim_wrapper_init__parameterized2
INFO: [VRFC 10-311] analyzing module blk_mem_gen_prim_wrapper_init__parameterized3
INFO: [VRFC 10-311] analyzing module blk_mem_gen_top
INFO: [VRFC 10-311] analyzing module blk_mem_gen_top__parameterized0
INFO: [VRFC 10-311] analyzing module blk_mem_gen_top__parameterized0_22
INFO: [VRFC 10-311] analyzing module blk_mem_gen_top__parameterized0_36
INFO: [VRFC 10-311] analyzing module blk_mem_gen_top__parameterized0_8
INFO: [VRFC 10-311] analyzing module blk_mem_gen_top__parameterized1
INFO: [VRFC 10-311] analyzing module blk_mem_gen_v8_4_9
INFO: [VRFC 10-311] analyzing module blk_mem_gen_v8_4_9__parameterized1
INFO: [VRFC 10-311] analyzing module blk_mem_gen_v8_4_9__parameterized1_20
INFO: [VRFC 10-311] analyzing module blk_mem_gen_v8_4_9__parameterized1_34
INFO: [VRFC 10-311] analyzing module blk_mem_gen_v8_4_9__parameterized1_6
INFO: [VRFC 10-311] analyzing module blk_mem_gen_v8_4_9__parameterized3
INFO: [VRFC 10-311] analyzing module blk_mem_gen_v8_4_9_synth
INFO: [VRFC 10-311] analyzing module blk_mem_gen_v8_4_9_synth__parameterized0
INFO: [VRFC 10-311] analyzing module blk_mem_gen_v8_4_9_synth__parameterized0_21
INFO: [VRFC 10-311] analyzing module blk_mem_gen_v8_4_9_synth__parameterized0_35
INFO: [VRFC 10-311] analyzing module blk_mem_gen_v8_4_9_synth__parameterized0_7
INFO: [VRFC 10-311] analyzing module blk_mem_gen_v8_4_9_synth__parameterized1
INFO: [VRFC 10-311] analyzing module clk_x_pntrs
INFO: [VRFC 10-311] analyzing module clk_x_pntrs__xdcDup__1
INFO: [VRFC 10-311] analyzing module clk_x_pntrs__xdcDup__2
INFO: [VRFC 10-311] analyzing module clk_x_pntrs__xdcDup__3
INFO: [VRFC 10-311] analyzing module fifo_generator_ramfifo
INFO: [VRFC 10-311] analyzing module fifo_generator_ramfifo__xdcDup__1
INFO: [VRFC 10-311] analyzing module fifo_generator_ramfifo__xdcDup__2
INFO: [VRFC 10-311] analyzing module fifo_generator_ramfifo__xdcDup__3
INFO: [VRFC 10-311] analyzing module fifo_generator_top
INFO: [VRFC 10-311] analyzing module fifo_generator_top__xdcDup__1
INFO: [VRFC 10-311] analyzing module fifo_generator_top__xdcDup__2
INFO: [VRFC 10-311] analyzing module fifo_generator_top__xdcDup__3
INFO: [VRFC 10-311] analyzing module fifo_generator_v13_2_11
INFO: [VRFC 10-311] analyzing module fifo_generator_v13_2_11__xdcDup__1
INFO: [VRFC 10-311] analyzing module fifo_generator_v13_2_11__xdcDup__2
INFO: [VRFC 10-311] analyzing module fifo_generator_v13_2_11__xdcDup__3
INFO: [VRFC 10-311] analyzing module fifo_generator_v13_2_11_synth
INFO: [VRFC 10-311] analyzing module fifo_generator_v13_2_11_synth__xdcDup__1
INFO: [VRFC 10-311] analyzing module fifo_generator_v13_2_11_synth__xdcDup__2
INFO: [VRFC 10-311] analyzing module fifo_generator_v13_2_11_synth__xdcDup__3
INFO: [VRFC 10-311] analyzing module memory
INFO: [VRFC 10-311] analyzing module memory_19
INFO: [VRFC 10-311] analyzing module memory_33
INFO: [VRFC 10-311] analyzing module memory_5
INFO: [VRFC 10-311] analyzing module rd_bin_cntr
INFO: [VRFC 10-311] analyzing module rd_bin_cntr_16
INFO: [VRFC 10-311] analyzing module rd_bin_cntr_30
INFO: [VRFC 10-311] analyzing module rd_bin_cntr_44
INFO: [VRFC 10-311] analyzing module rd_logic
INFO: [VRFC 10-311] analyzing module rd_logic_17
INFO: [VRFC 10-311] analyzing module rd_logic_3
INFO: [VRFC 10-311] analyzing module rd_logic_31
INFO: [VRFC 10-311] analyzing module rd_status_flags_as
INFO: [VRFC 10-311] analyzing module rd_status_flags_as_15
INFO: [VRFC 10-311] analyzing module rd_status_flags_as_29
INFO: [VRFC 10-311] analyzing module rd_status_flags_as_43
INFO: [VRFC 10-311] analyzing module reset_blk_ramfifo
INFO: [VRFC 10-311] analyzing module reset_blk_ramfifo__xdcDup__1
INFO: [VRFC 10-311] analyzing module reset_blk_ramfifo__xdcDup__2
INFO: [VRFC 10-311] analyzing module reset_blk_ramfifo__xdcDup__3
INFO: [VRFC 10-311] analyzing module wr_bin_cntr
INFO: [VRFC 10-311] analyzing module wr_bin_cntr_14
INFO: [VRFC 10-311] analyzing module wr_bin_cntr_28
INFO: [VRFC 10-311] analyzing module wr_bin_cntr_42
INFO: [VRFC 10-311] analyzing module wr_logic
INFO: [VRFC 10-311] analyzing module wr_logic_18
INFO: [VRFC 10-311] analyzing module wr_logic_32
INFO: [VRFC 10-311] analyzing module wr_logic_4
INFO: [VRFC 10-311] analyzing module wr_pf_as
INFO: [VRFC 10-311] analyzing module wr_pf_as_12
INFO: [VRFC 10-311] analyzing module wr_pf_as_26
INFO: [VRFC 10-311] analyzing module wr_pf_as_40
INFO: [VRFC 10-311] analyzing module wr_status_flags_as
INFO: [VRFC 10-311] analyzing module wr_status_flags_as_13
INFO: [VRFC 10-311] analyzing module wr_status_flags_as_27
INFO: [VRFC 10-311] analyzing module wr_status_flags_as_41
INFO: [VRFC 10-311] analyzing module glbl
